build/app/outputs/mapping/release/seeds.txt
com.example.iot.MainActivity
com.example.iot.MainActivity: MainActivity()
...
io.flutter.embedding.engine.mutatorsstack.FlutterMutatorsStack: android.graphics.Matrix finalMatrix
androidx.window.layout.SidecarCompat: java.util.Map windowListenerRegisteredContexts
androidx.window.embedding.ExtensionEmbeddingBackend: androidx.window.embedding.EmbeddingInterfaceCompat embeddingExtension
androidx.window.core.Version: androidx.window.core.Version$Companion Companion
io.flutter.plugin.platform.SingleViewPresentation: java.lang.String TAG
androidx.window.java.layout.WindowInfoTrackerCallbackAdapter$addListener$1$1$invokeSuspend$$inlined$collect$1: androidx.core.util.Consumer $consumer$inlined
io.flutter.embedding.engine.renderer.SurfaceTextureWrapper: boolean released
androidx.window.R$attr: int clearTop
androidx.window.embedding.SplitPairFilter: android.content.ComponentName secondaryActivityName
androidx.window.R$attr: int primaryActivityName
androidx.window.layout.SidecarCompat$DistinctSidecarElementCallback: androidx.window.sidecar.SidecarInterface$SidecarCallback callbackInterface
androidx.window.core.Version$bigInteger$2: androidx.window.core.Version this$0
androidx.window.java.layout.WindowInfoTrackerCallbackAdapter: java.util.concurrent.locks.ReentrantLock lock
androidx.window.layout.ExtensionsWindowLayoutInfoAdapter: androidx.window.layout.ExtensionsWindowLayoutInfoAdapter INSTANCE
androidx.window.layout.SidecarWindowBackend$WindowLayoutChangeCallbackWrapper: java.util.concurrent.Executor executor
androidx.window.R$attr: int secondaryActivityName
androidx.window.layout.WindowMetricsCalculator$Companion$decorator$1: androidx.window.layout.WindowMetricsCalculator$Companion$decorator$1 INSTANCE
androidx.window.layout.FoldingFeature$Orientation: androidx.window.layout.FoldingFeature$Orientation$Companion Companion
io.flutter.embedding.engine.mutatorsstack.FlutterMutatorsStack: java.util.List mutators
androidx.window.layout.FoldingFeature$OcclusionType: androidx.window.layout.FoldingFeature$OcclusionType$Companion Companion
androidx.window.layout.SidecarCompat$DistinctSidecarElementCallback: java.util.WeakHashMap mActivityWindowLayoutInfo
androidx.window.R$id: int ltr
androidx.window.layout.ExtensionWindowLayoutInfoBackend$MulticastConsumer: androidx.window.layout.WindowLayoutInfo lastKnownValue
androidx.lifecycle.Lifecycle$Event: androidx.lifecycle.Lifecycle$Event ON_STOP
kotlin.jvm.internal.FunctionReference: int arity
androidx.window.layout.SidecarCompat$DistinctSidecarElementCallback: androidx.window.sidecar.SidecarDeviceState lastDeviceState
kotlin.coroutines.jvm.internal.SuspendLambda: int arity
androidx.window.embedding.SplitPairRule: boolean finishSecondaryWithPrimary
androidx.window.R$styleable: int[] SplitPairRule
androidx.window.R$attr: int finishPrimaryWithSecondary
androidx.window.layout.ActivityCompatHelperApi30: androidx.window.layout.ActivityCompatHelperApi30 INSTANCE
androidx.window.R$attr: int splitMinSmallestWidth
androidx.window.layout.SidecarCompat$registerConfigurationChangeListener$configChangeObserver$1: android.app.Activity $activity
androidx.window.embedding.EmbeddingTranslatingCallback: androidx.window.embedding.EmbeddingInterfaceCompat$EmbeddingCallbackInterface callback
androidx.window.layout.SidecarCompat$registerConfigurationChangeListener$configChangeObserver$1: androidx.window.layout.SidecarCompat this$0
androidx.window.layout.FoldingFeature$OcclusionType: java.lang.String description
androidx.window.layout.SidecarWindowBackend: java.util.concurrent.locks.ReentrantLock globalLock
kotlinx.coroutines.internal.LockFreeTaskQueueCore: long _state
androidx.window.R$styleable: int SplitPairRule_finishPrimaryWithSecondary
androidx.window.core.Version: int major
androidx.window.embedding.EmbeddingCompat: androidx.window.embedding.EmbeddingCompat$Companion Companion
io.flutter.view.AccessibilityViewEmbedder: java.util.Map embeddedViewToDisplayBounds
kotlinx.coroutines.CompletedExceptionally: int _handled