build/app/outputs/mapping/release/mapping.txt
# compiler: R8
# compiler_version: 3.3.70
# min_api: 19
# common_typos_disable
# {"id":"com.android.tools.r8.mapping","version":"2.0"}
# pg_map_id: 4ff3c6a
# pg_map_hash: SHA-256 4ff3c6a48aa156878d57523194ed2f545dfd1286b82f30011dcc10c4cc79a3c7
...
io.flutter.plugin.common.MethodCodec -> z.j:
    java.nio.ByteBuffer encodeSuccessEnvelope(java.lang.Object) -> a
    io.flutter.plugin.common.MethodCall decodeMethodCall(java.nio.ByteBuffer) -> b
    java.lang.Object decodeEnvelope(java.nio.ByteBuffer) -> c
    java.nio.ByteBuffer encodeErrorEnvelopeWithStacktrace(java.lang.String,java.lang.String,java.lang.Object,java.lang.String) -> d
    java.nio.ByteBuffer encodeMethodCall(io.flutter.plugin.common.MethodCall) -> e
    java.nio.ByteBuffer encodeErrorEnvelope(java.lang.String,java.lang.String,java.lang.Object) -> f
io.flutter.plugin.common.PluginRegistry$ActivityResultListener -> z.k:
    boolean onActivityResult(int,int,android.content.Intent) -> a
io.flutter.plugin.common.PluginRegistry$NewIntentListener -> z.l:
    boolean onNewIntent(android.content.Intent) -> b
io.flutter.plugin.common.PluginRegistry$RequestPermissionsResultListener -> z.m:
    boolean onRequestPermissionsResult(int,java.lang.String[],int[]) -> d
io.flutter.plugin.common.PluginRegistry$UserLeaveHintListener -> z.n:
    void onUserLeaveHint() -> f
io.flutter.plugin.common.StandardMessageCodec -> z.o:
    java.nio.charset.Charset UTF8 -> c
    io.flutter.plugin.common.StandardMessageCodec INSTANCE -> a
    boolean LITTLE_ENDIAN -> b
    java.lang.Object decodeMessage(java.nio.ByteBuffer) -> a
    java.nio.ByteBuffer encodeMessage(java.lang.Object) -> b
    void readAlignment(java.nio.ByteBuffer,int) -> c
    byte[] readBytes(java.nio.ByteBuffer) -> d
    int readSize(java.nio.ByteBuffer) -> e
    java.lang.Object readValue(java.nio.ByteBuffer) -> f
    java.lang.Object readValueOfType(byte,java.nio.ByteBuffer) -> g
    void writeAlignment(java.io.ByteArrayOutputStream,int) -> h
    void writeBytes(java.io.ByteArrayOutputStream,byte[]) -> i
    void writeChar(java.io.ByteArrayOutputStream,int) -> j
    void writeDouble(java.io.ByteArrayOutputStream,double) -> k
    void writeFloat(java.io.ByteArrayOutputStream,float) -> l
    void writeInt(java.io.ByteArrayOutputStream,int) -> m
    void writeLong(java.io.ByteArrayOutputStream,long) -> n
    void writeSize(java.io.ByteArrayOutputStream,int) -> o
    void writeValue(java.io.ByteArrayOutputStream,java.lang.Object) -> p
io.flutter.plugin.common.StandardMessageCodec$ExposedByteArrayOutputStream -> z.o$a:
    byte[] buffer() -> a
io.flutter.plugin.common.StandardMethodCodec -> z.p:
    io.flutter.plugin.common.StandardMessageCodec messageCodec -> a
    io.flutter.plugin.common.StandardMethodCodec INSTANCE -> b
    java.nio.ByteBuffer encodeSuccessEnvelope(java.lang.Object) -> a
    io.flutter.plugin.common.MethodCall decodeMethodCall(java.nio.ByteBuffer) -> b
    java.lang.Object decodeEnvelope(java.nio.ByteBuffer) -> c
    java.nio.ByteBuffer encodeErrorEnvelopeWithStacktrace(java.lang.String,java.lang.String,java.lang.Object,java.lang.String) -> d
    java.nio.ByteBuffer encodeMethodCall(io.flutter.plugin.common.MethodCall) -> e
    java.nio.ByteBuffer encodeErrorEnvelope(java.lang.String,java.lang.String,java.lang.Object) -> f
io.flutter.plugin.common.StringCodec -> z.q:
    java.nio.charset.Charset UTF8 -> a
    io.flutter.plugin.common.StringCodec INSTANCE -> b
    java.lang.Object decodeMessage(java.nio.ByteBuffer) -> a
    java.nio.ByteBuffer encodeMessage(java.lang.Object) -> b
    java.lang.String decodeMessage(java.nio.ByteBuffer) -> c
    java.nio.ByteBuffer encodeMessage(java.lang.String) -> d
io.flutter.plugin.editing.FlutterTextUtils -> io.flutter.plugin.editing.a:
    io.flutter.embedding.engine.FlutterJNI flutterJNI -> a
    int getOffsetAfter(java.lang.CharSequence,int) -> a
    int getOffsetBefore(java.lang.CharSequence,int) -> b
    boolean isEmoji(int) -> c
    boolean isEmojiModifier(int) -> d
    boolean isEmojiModifierBase(int) -> e
    boolean isKeycapBase(int) -> f
    boolean isRegionalIndicatorSymbol(int) -> g
    boolean isTagSpecChar(int) -> h
    boolean isVariationSelector(int) -> i