build/app/outputs/mapping/release/usage.txt
com.example.iot.BuildConfig
com.example.iot.R$attr
com.example.iot.R$color
com.example.iot.R$dimen
com.example.iot.R$drawable
com.example.iot.R$id
com.example.iot.R$integer
com.example.iot.R$layout
com.example.iot.R$mipmap
com.example.iot.R$string
com.example.iot.R$style
com.example.iot.R$styleable
com.example.iot.R
...
kotlinx.coroutines.flow.CancellableFlowImpl
kotlinx.coroutines.flow.ChannelAsFlow
kotlinx.coroutines.flow.ChannelFlowBuilder
kotlinx.coroutines.flow.DistinctFlowImpl$collect$$inlined$collect$1$1
kotlinx.coroutines.flow.DistinctFlowImpl$collect$$inlined$collect$1
kotlinx.coroutines.flow.DistinctFlowImpl
kotlinx.coroutines.flow.EmptyFlow
kotlinx.coroutines.flow.FlowKt:
    public static final java.lang.String DEFAULT_CONCURRENCY_PROPERTY_NAME
    public static final kotlinx.coroutines.flow.Flow asFlow(java.lang.Iterable)
    public static final kotlinx.coroutines.flow.Flow asFlow(java.util.Iterator)
    public static final kotlinx.coroutines.flow.Flow asFlow(kotlin.jvm.functions.Function0)
    public static final kotlinx.coroutines.flow.Flow asFlow(kotlin.jvm.functions.Function1)
    public static final kotlinx.coroutines.flow.Flow asFlow(kotlin.ranges.IntRange)
    public static final kotlinx.coroutines.flow.Flow asFlow(kotlin.ranges.LongRange)
    public static final kotlinx.coroutines.flow.Flow asFlow(kotlin.sequences.Sequence)
    public static final kotlinx.coroutines.flow.Flow asFlow(kotlinx.coroutines.channels.BroadcastChannel)
    public static final kotlinx.coroutines.flow.Flow asFlow(int[])
    public static final kotlinx.coroutines.flow.Flow asFlow(long[])
    public static final kotlinx.coroutines.flow.Flow asFlow(java.lang.Object[])
    public static final kotlinx.coroutines.flow.SharedFlow asSharedFlow(kotlinx.coroutines.flow.MutableSharedFlow)
    public static final kotlinx.coroutines.flow.StateFlow asStateFlow(kotlinx.coroutines.flow.MutableStateFlow)
    public static final kotlinx.coroutines.channels.BroadcastChannel broadcastIn(kotlinx.coroutines.flow.Flow,kotlinx.coroutines.CoroutineScope,kotlinx.coroutines.CoroutineStart)
kotlinx.coroutines.flow.FlowKt__BuildersKt$asFlow$$inlined$unsafeFlow$10$1
kotlinx.coroutines.flow.FlowKt__BuildersKt$asFlow$$inlined$unsafeFlow$10
kotlinx.coroutines.flow.FlowKt__BuildersKt$asFlow$$inlined$unsafeFlow$1
kotlinx.coroutines.flow.FlowKt__BuildersKt$asFlow$$inlined$unsafeFlow$2$1
kotlinx.coroutines.flow.FlowKt__BuildersKt$asFlow$$inlined$unsafeFlow$2
kotlinx.coroutines.flow.FlowKt__BuildersKt$asFlow$$inlined$unsafeFlow$3$1
kotlinx.coroutines.flow.FlowKt__BuildersKt$asFlow$$inlined$unsafeFlow$3
kotlinx.coroutines.flow.FlowKt__BuildersKt$asFlow$$inlined$unsafeFlow$4$1
kotlinx.coroutines.flow.FlowKt__BuildersKt$asFlow$$inlined$unsafeFlow$4
kotlinx.coroutines.flow.FlowKt__BuildersKt$asFlow$$inlined$unsafeFlow$5$1
kotlinx.coroutines.flow.FlowKt__BuildersKt$asFlow$$inlined$unsafeFlow$5
kotlinx.coroutines.flow.FlowKt__BuildersKt$asFlow$$inlined$unsafeFlow$6$1
kotlinx.coroutines.flow.FlowKt__BuildersKt$asFlow$$inlined$unsafeFlow$6
kotlinx.coroutines.flow.FlowKt__BuildersKt$asFlow$$inlined$unsafeFlow$7$1
kotlinx.coroutines.flow.FlowKt__BuildersKt$asFlow$$inlined$unsafeFlow$7
kotlinx.coroutines.flow.FlowKt__BuildersKt$asFlow$$inlined$unsafeFlow$8$1
kotlinx.coroutines.flow.FlowKt__BuildersKt$asFlow$$inlined$unsafeFlow$8
kotlinx.coroutines.flow.FlowKt__BuildersKt$asFlow$$inlined$unsafeFlow$9$1
kotlinx.coroutines.flow.FlowKt__BuildersKt$asFlow$$inlined$unsafeFlow$9
kotlinx.coroutines.flow.FlowKt__BuildersKt$flowOf$$inlined$unsafeFlow$1$1
kotlinx.coroutines.flow.FlowKt__BuildersKt$flowOf$$inlined$unsafeFlow$1
kotlinx.coroutines.flow.FlowKt__BuildersKt$flowOf$$inlined$unsafeFlow$2
kotlinx.coroutines.flow.FlowKt__BuildersKt$flowViaChannel$1